INFO: Setting little h to 0.678 for future io calls. [dragons.meraxes.io]
INFO: Scaling lt_times to h = 0.678 [dragons.meraxes.io]
INFO: Scaling lt_times to h = 0.678 [dragons.meraxes.io]
INFO: Scaling lt_times to h = 0.678 [dragons.meraxes.io]
Tracked Galaxy IDs: [ 110017467388  120006967542  130017277483  130000066527  140006706102
  150000504750  150017427612  150012680568  150017220045  150016157439
  150012164892  160009598904  160000596731  160000111893  160000045219
  170000303360  170000006005  180007438975  180007650706  180000400456
  180016616153  180000000283  190016673170  190009708453  190000314989
  190000383788  190000108660  200007426546  200013759646  200012580299
  200016394027  200017277647  200000111877  200000108653  200000267820
  210008063525  210000398096  210017434306  220014670391  220014204836
  220000545296  230017424944  230017001110  230017309339  240016776020
  240013571228  250014741769  250014673996  280015726263  290009403575
  300000000089  300016563877  320017031747  320000132292  530013279369
 1060012469014  100000125631  110000076968  130000460776  130000119221
  140000116725  140000418847  140016999818  140015008019  150017301758
  150016102577  150000104893  150017303224  150000139371  160000551951
  170000049741  170000026710  170000423835  180000205930  180000085598
  180000159202  190000228750  190000063006  190000122562  190000041012
  190000241108  190016770168  200000140848  200000105391  200000183604
  200016038698  200000152966  200015662169  210000537900  210000102324
  210000346685  220000413141  220017117584  220017330064  220000063943
  220000395752  230008156601  230016561435  230000203267  230000578447
  250000041114  250009509965  260010518933  260017391835  270014204455
  270000466421  280000069037  280000192449  280000253952  320013283957
  340000163140  360014747687  360000472372  390000244255  930013760769
 1140007973571   90000250163  110017459480  110000167276  120000205773
  120000340546  120016615209  120000212945  130017326112  130000171906
  130000196011  140000493779  150000160341  150000144779  150000189454
  150000208350  160000257008  170017250146  170000221931  170016718512
  170000511203  170000238965  180000136239  180017464729  180000534618
  180016667185  180007544604  180007963637  180008256981  180016035391
  180013821244  190016822115  190010506847  190017302948  190000460550
  200000144788  200000493619  200006974969  200015267457  210016960941
  210000521173  210000295046  210000151324  210007761872  210017404404
  220000359527  220008633905  220016819600  220000177178  230009612667
  230000387538  230015337817  230016672818  240000107672  240000129173
  250011549266  260017255963  260000508936  260000388494  280015793368
  280011446313  280014270976  290000309243  300014877017  310014611457
  330000315564  340000197554  350016785460  360013377716  360011446168
  420008161478  900009680547  110000335838  110000315874  110000465915
  120015723634  120007549267  120017470105  120000254264  130017464541
  130016910393  130000537126  140000353234  140000327763  140017385679
  150000275054  150017117358  150000540371  160000520881  160000280149
  160000451318  170016561675  170014076587  170014401971  170000385925
  180016100596  180000311969  180012684224  180000533908  180000453750
  190017328156  190000252445  190017157952  190017460881  190017189055
  200000436945  210007163225  210017330781  210016511779  210000228388
  210017351318  210000289495  210011858713  210016161569  210013574272
  220015849390  220009710614  220015006173  220000263432  230000244610
  230000566466  230000492629  230013821492  240017372986  240016875275
  250017123982  250000276950  250011556109  250000531285  250008069594
  260017043480  280017089542  280009803007  280017050649  280011549782
  290015408222  290015799406  300014545354  300016919731  310014203566
  350008063666  350012580347  470008161348  570000533289  580011376659
  600010145924  680008636565 1160000350895   80000389244  100000489089
  110000517421  110000417153  120017470142  120000566566  120016560392
  130017463947  130000379895  130000481645  130000361971  140016668432
  140000448805  140000518348  140016614609  140000455184  150016867197
  150000484561  150000534572  150017041091  150000495895  150016336634
  150000425989  150017404228  150000566014  150000429525  150000371986
  160000495845  160000455535  160017437601  160000484131  160017251412
  160016559735  160014603986  170017416552  170014605325  170007304161
  170000538344  170012576986  170014270117  170017416527  180017466840
  180017041051  180000397468  180000377473  180000357515  180017439392
  190000484047  190000518085  190000517843  190000426059  190000432437
  190015856811  190015204303  200015850842  200000340889  200000415495
  200000466399  200000488382  200000436886  200000494200  200000512650
  200000526793  200000500241  200016915643  210000465110  210000446690
  210015136728  210016667671  210016963310  210015914872  210000462779
  210000487130  220015979053  220013947597  220000457351  220000433320
  220006728876  220012067587  220016510150  220000465128  220012886535
  220011658548  220016998738  220000506769  230017278639  230000485937
  230017441562  230000454007  230000382246  230017255695  230000445369
  230000457898  230017227057  230000448475  230016870000  240000488344
  240010722511  240000388522  240000505021  240014013717  240015270064
  240016338430  250016968376  250000455507  250016875311  250013885331
  250015142189  250000434547  250000410388  260000460601  260007768602
  260016965246  260017310145  260015272485  270014878805  270000433422
  270014472536  270016164487  270000501949  280000493594  280015538438
  280013699248  280016163158  280012983604  280014402475  290000423323
  290013286902  300012066805  300010925091  300000465993  310000387583
  310017128431  310006732607  320011963639  320010215954  330015672275
  330011759055  330009411483  350016830922  360017104012  370009216914
  440012071220  500014277265  590014507157 1360009284499  100000531326
  100000515900  110016037082  110000528289  110000464816  120000454597
  120000528612  120014802882  120000526212  120000548193  130000491803
  130000481728  130000546296  130000539810  130000534358  130000526975
  130000472624  130000512369  130000501563  140000491389  140000528345
  140017369507  140000516754  140000519281  140000546038  140017387285
  140000501921  140000500266  150017328804  150000532326  150000553140
  150000556013  150017428927  150000534227  150000481605  150000546075
  150016097725  150000488901  150000492536  150015137538  160012677720
  160016392536  160015911944  160000483534  160000505002  160014469761
  160000531088  160017464431  160000502052  160000495229  160016913400
  160000524774  170014805250  170000544610  170015977740  170000519422
  170000502648  170016667617  170000519912  170000493681  170000518931
  170015593485  170017117831  170000539390  170000538193  170000525041
  170000546210  180000496159  180000530924  180010211625  180000509564
  180000510365  180000523265  180000507184  180000535026  180000484807
  180000511056  180017328805  180000513591  180000506954  190017420761
  190000503542  190000589526  190000497446  190016613104  190015658541
  190017156559  190000540341  190000539162  190000483646  190010211678
  190000484973  190000532221  190008641210  190000522440  190000590071
  190000512725  190000561681  200000525254  200000534420  200000502746
  200012477849  200000526987  200014341123  200000481352  200016511484
  200016286004  200000527913  200000514442  200016955771  200013824829
  200000554388  200000510518  200000517087  200000519045  210000498444
  210017278318  210000550533  210016870244  210000535882  210000520173
  210015853868  210015071162  210000555339  210014272482  210016283092
  210000491564  210016614161  210000519233  220000477362  220000522501
  220000519774  220000508800  220000515019  220000523490  220016103176
  220000506722  220000511355  220000526327  220000531356  230000523345
  230000507264  230015402082  230000546861  230017441819  230000566369
  230017254266  230016510542  230017090483  230000536212  230000470898
  230013699247  230000550037  230000501883  230017436062  240017371760
  240016866003  240016223921  240015599149  240017332437  240000491165
  240014538500  240016958090  240000506602  240017191770  240016774701
  250000519482  250013821299  250013821634  250015658915  250014743777
  250000539070  250000556307  260000492576  260017158609  260012479947
  260016452420  260016342229  260000496838  260014738583  270009123092
  270000521240  270015400646  270017365548  270015736683  270007438163
  270014079984  270017170413  280000507570  280000504838  280000502554
  280013572793  290014539586  290016919746  290014736516  300014284482
  310016619898  310013282109  310014940830  320017089854  320016229679
  320016567600  330014806109  350012169394  360016824281  360008930718
  370000545257  390000523328  450016287580  500013569365  640000525627
  700009088195  730000518693  870000526512  920000540677   70000575802
   90000551194  110000557517  120016816093  130017437593  130000577138
  140017464873  160000585276  190016513143  270000580300]
[Snap158] total number galaxy in StellarMass 09-09 is 634
Past: [Snap158] remain number of galaxies is 634
Past: [Snap157] remain number of galaxies is 634
Past: [Snap156] remain number of galaxies is 634
Past: [Snap155] remain number of galaxies is 634
Past: [Snap154] remain number of galaxies is 634
Past: [Snap153] remain number of galaxies is 634
Past: [Snap152] remain number of galaxies is 634
Past: [Snap151] remain number of galaxies is 634
Past: [Snap150] remain number of galaxies is 634
Past: [Snap149] remain number of galaxies is 634
Past: [Snap148] remain number of galaxies is 634
Past: [Snap147] remain number of galaxies is 634
Past: [Snap146] remain number of galaxies is 634
Past: [Snap145] remain number of galaxies is 634
Past: [Snap144] remain number of galaxies is 634
Past: [Snap143] remain number of galaxies is 634
Past: [Snap142] remain number of galaxies is 634
Past: [Snap141] remain number of galaxies is 634
Past: [Snap140] remain number of galaxies is 634
Past: [Snap139] remain number of galaxies is 634
Past: [Snap138] remain number of galaxies is 634
Past: [Snap137] remain number of galaxies is 634
Past: [Snap136] remain number of galaxies is 634
Past: [Snap135] remain number of galaxies is 633
Past: [Snap134] remain number of galaxies is 633
Past: [Snap133] remain number of galaxies is 633
Past: [Snap132] remain number of galaxies is 633
Past: [Snap131] remain number of galaxies is 633
Past: [Snap130] remain number of galaxies is 633
Past: [Snap129] remain number of galaxies is 633
Past: [Snap128] remain number of galaxies is 633
Past: [Snap127] remain number of galaxies is 633
Past: [Snap126] remain number of galaxies is 633
Past: [Snap125] remain number of galaxies is 633
Past: [Snap124] remain number of galaxies is 633
Past: [Snap123] remain number of galaxies is 633
Past: [Snap122] remain number of galaxies is 633
Past: [Snap121] remain number of galaxies is 633
Past: [Snap120] remain number of galaxies is 633
Past: [Snap119] remain number of galaxies is 633
Past: [Snap118] remain number of galaxies is 633
Past: [Snap117] remain number of galaxies is 633
Past: [Snap116] remain number of galaxies is 633
Past: [Snap115] remain number of galaxies is 632
Past: [Snap114] remain number of galaxies is 632
Past: [Snap113] remain number of galaxies is 631
Past: [Snap112] remain number of galaxies is 631
Past: [Snap111] remain number of galaxies is 631
Past: [Snap110] remain number of galaxies is 631
Past: [Snap109] remain number of galaxies is 631
Past: [Snap108] remain number of galaxies is 631
Past: [Snap107] remain number of galaxies is 631
Past: [Snap106] remain number of galaxies is 631
Past: [Snap105] remain number of galaxies is 630
Past: [Snap104] remain number of galaxies is 630
Past: [Snap103] remain number of galaxies is 630
Past: [Snap102] remain number of galaxies is 630
Past: [Snap101] remain number of galaxies is 630
Past: [Snap100] remain number of galaxies is 630
Past: [Snap099] remain number of galaxies is 630
Past: [Snap098] remain number of galaxies is 630
Past: [Snap097] remain number of galaxies is 630
Past: [Snap096] remain number of galaxies is 630
Past: [Snap095] remain number of galaxies is 630
Past: [Snap094] remain number of galaxies is 630
Past: [Snap093] remain number of galaxies is 630
Past: [Snap092] remain number of galaxies is 629
Past: [Snap091] remain number of galaxies is 628
Past: [Snap090] remain number of galaxies is 628
Past: [Snap089] remain number of galaxies is 627
Past: [Snap088] remain number of galaxies is 627
Past: [Snap087] remain number of galaxies is 627
Past: [Snap086] remain number of galaxies is 626
Past: [Snap085] remain number of galaxies is 626
Past: [Snap084] remain number of galaxies is 626
Past: [Snap083] remain number of galaxies is 626
Past: [Snap082] remain number of galaxies is 626
Past: [Snap081] remain number of galaxies is 626
Past: [Snap080] remain number of galaxies is 626
Past: [Snap079] remain number of galaxies is 626
Past: [Snap078] remain number of galaxies is 626
Past: [Snap077] remain number of galaxies is 626
Past: [Snap076] remain number of galaxies is 626
Past: [Snap075] remain number of galaxies is 626
Past: [Snap074] remain number of galaxies is 626
Past: [Snap073] remain number of galaxies is 626
Past: [Snap072] remain number of galaxies is 625
Past: [Snap071] remain number of galaxies is 625
Past: [Snap070] remain number of galaxies is 625
Past: [Snap069] remain number of galaxies is 624
Past: [Snap068] remain number of galaxies is 624
Past: [Snap067] remain number of galaxies is 623
Past: [Snap066] remain number of galaxies is 623
Past: [Snap065] remain number of galaxies is 623
Past: [Snap064] remain number of galaxies is 623
Past: [Snap063] remain number of galaxies is 622
Past: [Snap062] remain number of galaxies is 622
Past: [Snap061] remain number of galaxies is 622
Past: [Snap060] remain number of galaxies is 622
Past: [Snap059] remain number of galaxies is 621
Past: [Snap058] remain number of galaxies is 620
Past: [Snap057] remain number of galaxies is 619
Past: [Snap056] remain number of galaxies is 618
Past: [Snap055] remain number of galaxies is 618
Past: [Snap054] remain number of galaxies is 618
Past: [Snap053] remain number of galaxies is 618
Past: [Snap052] remain number of galaxies is 617
Past: [Snap051] remain number of galaxies is 617
Past: [Snap050] remain number of galaxies is 617
Past: [Snap049] remain number of galaxies is 615
Past: [Snap048] remain number of galaxies is 615
Past: [Snap047] remain number of galaxies is 615
Past: [Snap046] remain number of galaxies is 614
Past: [Snap045] remain number of galaxies is 614
Past: [Snap044] remain number of galaxies is 613
Past: [Snap043] remain number of galaxies is 612
Past: [Snap042] remain number of galaxies is 612
Past: [Snap041] remain number of galaxies is 611
Past: [Snap040] remain number of galaxies is 611
Past: [Snap039] remain number of galaxies is 611
Past: [Snap038] remain number of galaxies is 609
Past: [Snap037] remain number of galaxies is 609
